Magic complexity 2.349261146855403
Marvel complexity 0.1556638430977784
Magic badness 0.0024000310768025053
Marvel badness 5.586976029808645e-5
Magic 1-cent badness 0.0030972251223456647
Marvel 1-cent badness 0.00014123976927857358
Magic complexity 2.349261146855403
Marvel complexity 0.1556638430977784
Magic badness 0.0024000310768025053
Marvel badness 5.586976029808645e-5
Magic 1-cent badness 0.0030972251223456647
Marvel 1-cent badness 0.00014123976927857358
Array{Int64,2}[[12 19 28], [12 19 27], [12 19 29], [12 18 27], [12 20 29]]
Array{Int64,2}[]
Array{Int64,2}[[31 49 72 87 107], [31 49 72 87 108], [31 49 72 86 107], [31 49 72 87 106], [31 49 71 87 107], [31 49 72 88 107], [31 49 72 88 108]]
[31 49 72 87 107]
[58 92 135 163 201 215]
[12 19 28 34 42 45 49]
Array{Int64,2}[[3 5 7]]
Array{Int64,2}[[31 49 72 87 107], [22 35 51 62 76], [41 65 95 115 142], [12 19 28 34 42], [15 24 35 42 52], [27 43 63 76 94], [46 73 107 129 159], [19 30 44 53 66], [14 22 32 39 48], [19 30 44 53 65]]
Array{Int64,2}[[15 24 35 42 52 56 62 64 68 73 75], [22 35 51 62 76 82 90 94 100 107 109], [26 41 60 73 90 96 106 110 117 126 128]]
Array{Int64,2}[[31 49 72 87 107; 22 35 51 62 76], [31 49 72 87 107; 12 19 28 34 42], [31 49 72 87 107; 19 30 44 53 65], [12 19 28 34 42; 19 30 44 53 65], [31 49 72 87 107; 41 65 95 115 142], [15 24 35 42 52; 46 73 107 129 159], [31 49 72 87 107; 46 73 107 129 159], [31 49 72 87 107; 15 24 35 42 52], [31 49 72 87 107; 27 43 63 76 94], [41 65 95 115 142; 19 30 44 53 66]]
